make all --print-data-base --no-builtin-variables --no-builtin-rules --question
# GNU Make 4.2.1
# Built for x86_64-pc-linux-gnu
# Copyright (C) 1988-2016 Free Software Foundation, Inc.
# License GPLv3+: GNU GPL version 3 or later <http://gnu.org/licenses/gpl.html>
# This is free software: you are free to change and redistribute it.
# There is NO WARRANTY, to the extent permitted by law.

# Make data base, printed on Mon Nov 22 22:06:40 2021

# Variables

# automatic
<D = $(patsubst %/,%,$(dir $<))
# automatic
?F = $(notdir $?)
# default
.SHELLFLAGS := -c
# environment
XDG_SESSION_CLASS = user
# environment
VSCODE_AGENT_FOLDER = /home/jgordo39/.vscode-server
# environment
XDG_SESSION_TYPE = tty
# environment
VSCODE_LOG_NATIVE = false
# makefile (from 'Makefile', line 5)
TARGET = fn-trace
# automatic
?D = $(patsubst %/,%,$(dir $?))
# automatic
@D = $(patsubst %/,%,$(dir $@))
# automatic
@F = $(notdir $@)
# default
MAKE_VERSION := 4.2.1
# makefile
CURDIR := /import/linux/home1/jgordo39/i220a/submit/prj4-sol
# makefile
SHELL = /bin/sh
# environment
VSCODE_NLS_CONFIG = {"locale":"en","availableLanguages":{}}
# environment
_ = /import/linux/home1/jgordo39/.vscode-server/bin/ccbaa2d27e38e5afa3e5c21c1c7bef4657064247/node
# makefile (from 'Makefile', line 7)
CFLAGS = -g -Wall -I $(COURSE_DIR)/include -Og -std=c18 -fPIC
# makefile (from 'Makefile', line 1)
COURSE = cs220
# makefile (from 'Makefile', line 1)
MAKEFILE_LIST :=  Makefile
# environment
CHAINENV_CONFIG_ROOT = /home/jgordo39/.config/chainenv
# 'override' directive
GNUMAKEFLAGS := 
# environment
DBUS_SESSION_BUS_ADDRESS = unix:path=/run/user/15291/bus
# environment
VSCODE_VERBOSE_LOGGING = true
# makefile (from 'Makefile', line 12)
OBJS = fn-trace.o main.o x86-64_lde.o fns
# environment
VSCODE_CWD = /import/linux/home1/jgordo39
# environment
SSH_CONNECTION = 149.125.81.46 47642 128.226.114.204 22
# environment
PATH = /import/linux/home1/jgordo39/.vscode-server/bin/ccbaa2d27e38e5afa3e5c21c1c7bef4657064247/bin:/home/jgordo39/cs220/bin:/home/jgordo39/.config/chainenv/shims:/opt/chainenv/bin:/usr/local/bin:/usr/bin:/bin:/usr/local/games:/usr/games:/usr/lib/jvm/java-8-oracle/bin:/usr/lib/jvm/java-8-oracle/db/bin:/usr/lib/jvm/java-8-oracle/jre/bin
# environment
XDG_RUNTIME_DIR = /run/user/15291
# environment
VSCODE_LOG_STACK = false
# environment
VSCODE_IPC_HOOK_CLI = /run/user/15291/vscode-ipc-b93a55fb-6a08-4872-afa9-b81a4981aa36.sock
# makefile (from 'Makefile', line 10)
LDFLAGS = -L $(COURSE_DIR)/lib
# makefile (from 'Makefile', line 9)
LDLIBS = -l cs220 -lcapstone -ldl
# default
.FEATURES := target-specific order-only second-expansion else-if shortest-stem undefine oneshell archives jobserver output-sync check-symlink load
# automatic
%F = $(notdir $%)
# environment
CHAINENV_ROOT = /opt/chainenv
# environment
VSCODE_PIPE_LOGGING = true
# environment
PWD = /import/linux/home1/jgordo39/i220a/submit/prj4-sol
# default
.LOADED := 
# automatic
*D = $(patsubst %/,%,$(dir $*))
# environment
VSCODE_AMD_ENTRYPOINT = vs/server/remoteExtensionHostProcess
# environment
HOME = /home/jgordo39
# environment
LD_LIBRARY_PATH = .:/home/jgordo39/cs220/lib:.:/home/jgordo39/cs220/lib
# environment
J2REDIR = /usr/lib/jvm/java-8-oracle/jre
# environment
LOGNAME = jgordo39
# environment
APPLICATION_INSIGHTS_NO_DIAGNOSTIC_CHANNEL = true
# automatic
+F = $(notdir $+)
# environment
J2SDKDIR = /usr/lib/jvm/java-8-oracle
# environment
CHAINENV_SHELL = bash
# environment
VSCODE_HANDLES_UNCAUGHT_ERRORS = true
# automatic
^D = $(patsubst %/,%,$(dir $^))
# environment
MAKELEVEL := 0
# default
MAKE = $(MAKE_COMMAND)
# default
MAKECMDGOALS := all
# environment
SHLVL = 1
# environment
JAVA_HOME = /usr/lib/jvm/java-8-oracle
# environment
XDG_SESSION_ID = 182753
# environment
USER = jgordo39
# makefile
.DEFAULT_GOAL := fn-trace
# automatic
%D = $(patsubst %/,%,$(dir $%))
# default
MAKE_COMMAND := make
# default
.VARIABLES := 
# automatic
*F = $(notdir $*)
# makefile
MAKEFLAGS = pqrR
# environment
MFLAGS = -pqrR
# environment
SSH_CLIENT = 149.125.81.46 47642 22
# automatic
+D = $(patsubst %/,%,$(dir $+))
# environment
BROWSER = /import/linux/home1/jgordo39/.vscode-server/bin/ccbaa2d27e38e5afa3e5c21c1c7bef4657064247/bin/helpers/browser.sh
# default
MAKEFILES := 
# automatic
<F = $(notdir $<)
# environment
VIRTUALENVWRAPPER_SCRIPT = /usr/share/virtualenvwrapper/virtualenvwrapper.sh
# environment
LC_ALL = C
# makefile (from 'Makefile', line 3)
COURSE_DIR = $(HOME)/$(COURSE)
# automatic
^F = $(notdir $^)
# default
SUFFIXES := 
# default
.INCLUDE_DIRS = /usr/include /usr/local/include /usr/include
# environment
VSCODE_INJECT_NODE_MODULE_LOOKUP_PATH = /import/linux/home1/jgordo39/.vscode-server/bin/ccbaa2d27e38e5afa3e5c21c1c7bef4657064247/remote/node_modules
# environment
DERBY_HOME = /usr/lib/jvm/java-8-oracle/db
# default
.RECIPEPREFIX := 
# environment
_VIRTUALENVWRAPPER_API =  mkvirtualenv rmvirtualenv lsvirtualenv showvirtualenv workon add2virtualenv cdsitepackages cdvirtualenv lssitepackages toggleglobalsitepackages cpvirtualenv setvirtualenvproject mkproject cdproject mktmpenv
# default
MAKE_HOST := x86_64-pc-linux-gnu
# environment
LANG = C
# environment
VSCODE_EXTHOST_WILL_SEND_SOCKET = true
# variable set hash-table stats:
# Load=82/1024=8%, Rehash=0, Collisions=13/109=12%

# Pattern-specific Variable Values

# No pattern-specific variable values.

# Directories

# . (device 64, inode 47811180560): 16 files, no impossibilities.

# 16 files, no impossibilities in 1 directories.

# Implicit Rules

# No implicit rules.

# Files

clear: clean wipeScreen
#  Implicit rule search has not been done.
#  Modification time never checked.
#  File has not been updated.

x86-64_lde.o: x86-64_lde.c x86-64_lde.h
#  Implicit rule search has not been done.
#  Modification time never checked.
#  File has not been updated.

# Not a target:
all:
#  Command line target.
#  Implicit rule search has been done.
#  File does not exist.
#  File has not been updated.

r: fn-trace
#  Implicit rule search has not been done.
#  Modification time never checked.
#  File has not been updated.
#  recipe to execute (from 'Makefile', line 25):
	./fn-trace fns testFn

# Not a target:
main.c:
#  Implicit rule search has not been done.
#  Modification time never checked.
#  File has not been updated.

# Not a target:
Makefile:
#  Implicit rule search has been done.
#  Last modified 2021-11-22 21:39:01.940110223
#  File has been updated.
#  Successfully updated.

# Not a target:
fns.c:
#  Implicit rule search has not been done.
#  Modification time never checked.
#  File has not been updated.

fn-trace: fn-trace.o main.o x86-64_lde.o fns
#  Implicit rule search has not been done.
#  Modification time never checked.
#  File has not been updated.
#  recipe to execute (from 'Makefile', line 19):
		$(CC) $(OBJS) $(LDFLAGS) $(LDLIBS) -o $@

fn-trace.o: fn-trace.c fn-trace.h x86-64_lde.h
#  Implicit rule search has not been done.
#  Modification time never checked.
#  File has not been updated.

# Not a target:
x86-64_lde.c:
#  Implicit rule search has not been done.
#  Modification time never checked.
#  File has not been updated.

DEPENDS:
#  Implicit rule search has not been done.
#  Modification time never checked.
#  File has not been updated.
#  recipe to execute (from 'Makefile', line 36):
		gcc $(CFLAGS) -MM *.c

# Not a target:
x86-64_lde.h:
#  Implicit rule search has not been done.
#  Modification time never checked.
#  File has not been updated.

# Not a target:
.DEFAULT:
#  Implicit rule search has not been done.
#  Modification time never checked.
#  File has not been updated.

clean:
#  Implicit rule search has not been done.
#  Modification time never checked.
#  File has not been updated.
#  recipe to execute (from 'Makefile', line 28):
		rm -f $(OBJS) $(TARGET) fns fns.o *~

# Not a target:
fn-trace.c:
#  Implicit rule search has not been done.
#  Modification time never checked.
#  File has not been updated.

wipeScreen:
#  Implicit rule search has not been done.
#  Modification time never checked.
#  File has not been updated.
 
make: *** No rule to make target 'all'.  Stop.
 
#  recipe to execute (from 'Makefile', line 31):
	clear

main.o: main.c fn-trace.h
#  Implicit rule search has not been done.
#  Modification time never checked.
#  File has not been updated.

# Not a target:
fn-trace.h:
#  Implicit rule search has not been done.
#  Modification time never checked.
#  File has not been updated.

fns: fns.c
#  Implicit rule search has not been done.
#  Modification time never checked.
#  File has not been updated.
#  recipe to execute (from 'Makefile', line 22):
		$(CC) $(CFLAGS) -shared $< -o $@

# files hash-table stats:
# Load=20/1024=2%, Rehash=0, Collisions=0/49=0%
# VPATH Search Paths

# No 'vpath' search paths.

# No general ('VPATH' variable) search path.

# strcache buffers: 1 (0) / strings = 31 / storage = 280 B / avg = 9 B
# current buf: size = 8162 B / used = 280 B / count = 31 / avg = 9 B

# strcache performance: lookups = 60 / hit rate = 48%
# hash-table stats:
# Load=31/8192=0%, Rehash=0, Collisions=1/60=2%
# Finished Make data base on Mon Nov 22 22:06:40 2021

 
